#
# A fatal error has been detected by the Java Runtime Environment:
#
#  EXCEPTION_ACCESS_VIOLATION (0xc0000005) at pc=0x6ea357ae, pid=5928, tid=620
#
# JRE version: Java(TM) SE Runtime Environment (8.0_60-b27) (build 1.8.0_60-b27)
# Java VM: Java HotSpot(TM) Client VM (25.60-b23 mixed mode, sharing windows-x86 )
# Problematic frame:
# C  [xboxcontroller.dll+0x57ae]
#
# Failed to write core dump. Minidumps are not enabled by default on client versions of Windows
#
# If you would like to submit a bug report, please visit:
#   http://bugreport.java.com/bugreport/crash.jsp
# The crash happened outside the Java Virtual Machine in native code.
# See problematic frame for where to report the bug.
#

---------------  T H R E A D  ---------------

Current thread (0x0128c800):  JavaThread "AWT-EventQueue-0" [_thread_in_native, id=620, stack(0x16360000,0x163b0000)]

siginfo: ExceptionCode=0xc0000005, reading address 0x6000c482

Registers:
EAX=0x001bc140, EBX=0x00000009, ECX=0x6000c13a, EDX=0x0123cc28
ESP=0x163aedc8, EBP=0x163aedec, ESI=0x150c04b0, EDI=0x15047e58
EIP=0x6ea357ae, EFLAGS=0x00010246

Top of Stack: (sp=0x163aedc8)
0x163aedc8:   001bc140 0123cc28 00000000 00000009
0x163aedd8:   150c04b0 00000000 14431410 00000008
0x163aede8:   0128c800 163aedfc 6ea33add 0128c800
0x163aedf8:   14431410 163aee08 6ea312ed 00000009
0x163aee08:   163aee54 01b8c7b7 0128c940 163aee70
0x163aee18:   150a0000 00000000 00000009 01b8c490
0x163aee28:   163aee2c 00000009 092aebd8 163aee2c
0x163aee38:   14431410 163aee70 14434190 00000000 

Instructions: (pc=0x6ea357ae)
0x6ea3578e:   3b d0 7f 41 3b d9 7c 02 8b d9 8b 47 04 8b 08 8b
0x6ea3579e:   d6 8b 77 18 8d 14 56 52 8b 57 08 53 6a 00 52 50
0x6ea357ae:   8b 81 48 03 00 00 ff d0 01 5f 3c 8b 47 3c 3b 47
0x6ea357be:   30 75 07 c7 47 3c 00 00 00 00 29 5f 40 5e 8b c3 


Register to memory mapping:

EAX=0x001bc140 is an unknown value
EBX=0x00000009 is an unknown value
ECX=0x6000c13a is an unknown value
EDX=0x0123cc28 is a global jni handle
ESP=0x163aedc8 is pointing into the stack for thread: 0x0128c800
EBP=0x163aedec is pointing into the stack for thread: 0x0128c800
ESI=0x150c04b0 is an unknown value
EDI=0x15047e58 is an unknown value


Stack: [0x16360000,0x163b0000],  sp=0x163aedc8,  free space=315k
Native frames: (J=compiled Java code, j=interpreted, Vv=VM code, C=native code)
C  [xboxcontroller.dll+0x57ae]
C  [xboxcontroller.dll+0x3add]
C  [xboxcontroller.dll+0x12ed]
j  ch.aplu.jaw.NativeHandler.nativeReadBuf(JI)I+0
j  ch.aplu.jaw.NativeHandler.readBuf(I)I+33
j  ch.aplu.xboxcontroller.XboxController.readData()Lch/aplu/xboxcontroller/ControllerState;+15
j  ch.aplu.xboxcontroller.XboxController.access$000(Lch/aplu/xboxcontroller/XboxController;)Lch/aplu/xboxcontroller/ControllerState;+1
j  ch.aplu.xboxcontroller.XboxController$1.actionPerformed(Ljava/awt/event/ActionEvent;)V+4
J 633 C1 javax.swing.Timer.fireActionPerformed(Ljava/awt/event/ActionEvent;)V (46 bytes) @ 0x01d0aaac [0x01d0a9e0+0xcc]
J 737 C1 javax.swing.Timer$DoPostEvent.run()V (95 bytes) @ 0x01d30fe4 [0x01d30c90+0x354]
J 676 C1 java.awt.event.InvocationEvent.dispatch()V (69 bytes) @ 0x01d1ebdc [0x01d1eaf0+0xec]
J 654 C1 java.awt.EventQueue.dispatchEventImpl(Ljava/awt/AWTEvent;Ljava/lang/Object;)V (149 bytes) @ 0x01d11a8c [0x01d115d0+0x4bc]
J 651 C1 java.awt.EventQueue$3.run()Ljava/lang/Void; (60 bytes) @ 0x01d10d5c [0x01d10d00+0x5c]
J 650 C1 java.awt.EventQueue$3.run()Ljava/lang/Object; (5 bytes) @ 0x01d10ae0 [0x01d10ac0+0x20]
v  ~StubRoutines::call_stub
V  [jvm.dll+0x158985]
V  [jvm.dll+0x21df3e]
V  [jvm.dll+0x158a1e]
V  [jvm.dll+0x10934f]
C  [java.dll+0x102f]
J 646 C1 java.awt.EventQueue.dispatchEvent(Ljava/awt/AWTEvent;)V (80 bytes) @ 0x01d0f688 [0x01d0f480+0x208]
J 574 C1 java.awt.EventDispatchThread.pumpOneEventForFilters(I)V (295 bytes) @ 0x01cf9f94 [0x01cf9900+0x694]
j  java.awt.EventDispatchThread.pumpEventsForFilter(ILjava/awt/Conditional;Ljava/awt/EventFilter;)V+35
j  java.awt.EventDispatchThread.pumpEventsForHierarchy(ILjava/awt/Conditional;Ljava/awt/Component;)V+11
j  java.awt.EventDispatchThread.pumpEvents(ILjava/awt/Conditional;)V+4
j  java.awt.EventDispatchThread.pumpEvents(Ljava/awt/Conditional;)V+3
j  java.awt.EventDispatchThread.run()V+9
v  ~StubRoutines::call_stub
V  [jvm.dll+0x158985]
V  [jvm.dll+0x21df3e]
V  [jvm.dll+0x158a1e]
V  [jvm.dll+0x158ba6]
V  [jvm.dll+0x158c17]
V  [jvm.dll+0xfd45f]
V  [jvm.dll+0x17bddc]
V  [jvm.dll+0x17beca]
V  [jvm.dll+0x1c0466]
C  [msvcr100.dll+0x5c556]
C  [msvcr100.dll+0x5c600]
C  [kernel32.dll+0x4ed6c]
C  [ntdll.dll+0x6377b]
C  [ntdll.dll+0x6374e]
C  0x00000000

Java frames: (J=compiled Java code, j=interpreted, Vv=VM code)
j  ch.aplu.jaw.NativeHandler.nativeReadBuf(JI)I+0
j  ch.aplu.jaw.NativeHandler.readBuf(I)I+33
j  ch.aplu.xboxcontroller.XboxController.readData()Lch/aplu/xboxcontroller/ControllerState;+15
j  ch.aplu.xboxcontroller.XboxController.access$000(Lch/aplu/xboxcontroller/XboxController;)Lch/aplu/xboxcontroller/ControllerState;+1
j  ch.aplu.xboxcontroller.XboxController$1.actionPerformed(Ljava/awt/event/ActionEvent;)V+4
J 633 C1 javax.swing.Timer.fireActionPerformed(Ljava/awt/event/ActionEvent;)V (46 bytes) @ 0x01d0aaac [0x01d0a9e0+0xcc]
J 737 C1 javax.swing.Timer$DoPostEvent.run()V (95 bytes) @ 0x01d30fe4 [0x01d30c90+0x354]
J 676 C1 java.awt.event.InvocationEvent.dispatch()V (69 bytes) @ 0x01d1ebdc [0x01d1eaf0+0xec]
J 654 C1 java.awt.EventQueue.dispatchEventImpl(Ljava/awt/AWTEvent;Ljava/lang/Object;)V (149 bytes) @ 0x01d11a8c [0x01d115d0+0x4bc]
J 651 C1 java.awt.EventQueue$3.run()Ljava/lang/Void; (60 bytes) @ 0x01d10d5c [0x01d10d00+0x5c]
J 650 C1 java.awt.EventQueue$3.run()Ljava/lang/Object; (5 bytes) @ 0x01d10ae0 [0x01d10ac0+0x20]
v  ~StubRoutines::call_stub
J 575  java.security.AccessController.doPrivileged(Ljava/security/PrivilegedAction;Ljava/security/AccessControlContext;)Ljava/lang/Object; (0 bytes) @ 0x01cfb907 [0x01cfb8a0+0x67]
J 646 C1 java.awt.EventQueue.dispatchEvent(Ljava/awt/AWTEvent;)V (80 bytes) @ 0x01d0f688 [0x01d0f480+0x208]
J 574 C1 java.awt.EventDispatchThread.pumpOneEventForFilters(I)V (295 bytes) @ 0x01cf9f94 [0x01cf9900+0x694]
j  java.awt.EventDispatchThread.pumpEventsForFilter(ILjava/awt/Conditional;Ljava/awt/EventFilter;)V+35
j  java.awt.EventDispatchThread.pumpEventsForHierarchy(ILjava/awt/Conditional;Ljava/awt/Component;)V+11
j  java.awt.EventDispatchThread.pumpEvents(ILjava/awt/Conditional;)V+4
j  java.awt.EventDispatchThread.pumpEvents(Ljava/awt/Conditional;)V+3
j  java.awt.EventDispatchThread.run()V+9
v  ~StubRoutines::call_stub

---------------  P R O C E S S  ---------------

Java Threads: ( => current thread )
  0x0128e400 JavaThread "Image Fetcher 0" daemon [_thread_blocked, id=2564, stack(0x16fa0000,0x16ff0000)]
  0x0128dc00 JavaThread "Image Fetcher 3" daemon [_thread_blocked, id=3804, stack(0x16e40000,0x16e90000)]
  0x0128d400 JavaThread "Image Fetcher 2" daemon [_thread_blocked, id=4660, stack(0x16e90000,0x16ee0000)]
  0x0128bc00 JavaThread "TimerQueue" daemon [_thread_blocked, id=5912, stack(0x163f0000,0x16440000)]
  0x0128d000 JavaThread "DestroyJavaVM" [_thread_blocked, id=5432, stack(0x01860000,0x018b0000)]
=>0x0128c800 JavaThread "AWT-EventQueue-0" [_thread_in_native, id=620, stack(0x16360000,0x163b0000)]
  0x0128b000 JavaThread "AWT-Shutdown" [_thread_blocked, id=1564, stack(0x154c0000,0x15510000)]
  0x0128c400 JavaThread "Thread-1" [_thread_in_native, id=5904, stack(0x15590000,0x155e0000)]
  0x0128b800 JavaThread "AWT-Windows" daemon [_thread_in_native, id=4180, stack(0x14e60000,0x14eb0000)]
  0x0128a800 JavaThread "Java2D Disposer" daemon [_thread_blocked, id=2012, stack(0x15260000,0x152b0000)]
  0x01289c00 JavaThread "Service Thread" daemon [_thread_blocked, id=4400, stack(0x14f70000,0x14fc0000)]
  0x01257800 JavaThread "C1 CompilerThread0" daemon [_thread_blocked, id=3920, stack(0x14ec0000,0x14f10000)]
  0x01256800 JavaThread "Attach Listener" daemon [_thread_blocked, id=3724, stack(0x14790000,0x147e0000)]
  0x0124bc00 JavaThread "Signal Dispatcher" daemon [_thread_blocked, id=5204, stack(0x14dd0000,0x14e20000)]
  0x01248c00 JavaThread "Finalizer" daemon [_thread_blocked, id=760, stack(0x017d0000,0x01820000)]
  0x01243800 JavaThread "Reference Handler" daemon [_thread_blocked, id=3468, stack(0x14730000,0x14780000)]

Other Threads:
  0x01240400 VMThread [stack: 0x14660000,0x146b0000] [id=3792]
  0x012a3400 WatcherThread [stack: 0x146b0000,0x14700000] [id=5568]

VM state:not at safepoint (normal execution)

VM Mutex/Monitor currently owned by a thread: None

Heap:
 def new generation   total 4928K, used 3095K [0x03c00000, 0x04150000, 0x09150000)
  eden space 4416K,  65% used [0x03c00000, 0x03ed5420, 0x04050000)
  from space 512K,  38% used [0x040d0000, 0x04100a60, 0x04150000)
  to   space 512K,   0% used [0x04050000, 0x04050000, 0x040d0000)
 tenured generation   total 10944K, used 7935K [0x09150000, 0x09c00000, 0x13c00000)
   the space 10944K,  72% used [0x09150000, 0x0990fc50, 0x0990fe00, 0x09c00000)
 Metaspace       used 1317K, capacity 2769K, committed 2880K, reserved 4480K

Card table byte_map: [0x01730000,0x017c0000] byte_map_base: 0x01712000

Polling page: 0x00170000

CodeCache: size=32768Kb used=2017Kb max_used=2017Kb free=30750Kb
 bounds [0x01b80000, 0x01d80000, 0x03b80000]
 total_blobs=1108 nmethods=870 adapters=168
 compilation: enabled

Compilation events (10 events):
Event: 22.115 Thread 0x01257800  869             javax.swing.JComponent::revalidate (53 bytes)
Event: 22.115 Thread 0x01257800 nmethod 869 0x01d756c8 code [0x01d758c0, 0x01d75f24]
Event: 22.122 Thread 0x01257800  870             javax.swing.text.BoxView::checkRequests (98 bytes)
Event: 22.123 Thread 0x01257800 nmethod 870 0x01d76608 code [0x01d76760, 0x01d76a88]
Event: 22.123 Thread 0x01257800  871             javax.swing.text.CompositeView::getTopInset (5 bytes)
Event: 22.123 Thread 0x01257800 nmethod 871 0x01d76c88 code [0x01d76d80, 0x01d76e00]
Event: 22.124 Thread 0x01257800  872             javax.swing.LayoutComparator::compare (457 bytes)
Event: 22.125 Thread 0x01257800 nmethod 872 0x01d76e48 code [0x01d770d0, 0x01d77af0]
Event: 22.125 Thread 0x01257800  873             java.util.LinkedList$ListItr::hasPrevious (13 bytes)
Event: 22.125 Thread 0x01257800 nmethod 873 0x01d783c8 code [0x01d784c0, 0x01d78550]

GC Heap History (10 events):
Event: 20.084 GC heap before
{Heap before GC invocations=8 (full 0):
 def new generation   total 4928K, used 4570K [0x03c00000, 0x04150000, 0x09150000)
  eden space 4416K, 100% used [0x03c00000, 0x04050000, 0x04050000)
  from space 512K,  30% used [0x04050000, 0x04076ab8, 0x040d0000)
  to   space 512K,   0% used [0x040d0000, 0x040d0000, 0x04150000)
 tenured generation   total 10944K, used 7935K [0x09150000, 0x09c00000, 0x13c00000)
   the space 10944K,  72% used [0x09150000, 0x0990fc50, 0x0990fe00, 0x09c00000)
 Metaspace       used 1282K, capacity 2735K, committed 2752K, reserved 4480K
Event: 20.084 GC heap after
Heap after GC invocations=9 (full 0):
 def new generation   total 4928K, used 154K [0x03c00000, 0x04150000, 0x09150000)
  eden space 4416K,   0% used [0x03c00000, 0x03c00000, 0x04050000)
  from space 512K,  30% used [0x040d0000, 0x040f6b20, 0x04150000)
  to   space 512K,   0% used [0x04050000, 0x04050000, 0x040d0000)
 tenured generation   total 10944K, used 7935K [0x09150000, 0x09c00000, 0x13c00000)
   the space 10944K,  72% used [0x09150000, 0x0990fc50, 0x0990fe00, 0x09c00000)
 Metaspace       used 1282K, capacity 2735K, committed 2752K, reserved 4480K
}
Event: 20.534 GC heap before
{Heap before GC invocations=9 (full 0):
 def new generation   total 4928K, used 4570K [0x03c00000, 0x04150000, 0x09150000)
  eden space 4416K, 100% used [0x03c00000, 0x04050000, 0x04050000)
  from space 512K,  30% used [0x040d0000, 0x040f6b20, 0x04150000)
  to   space 512K,   0% used [0x04050000, 0x04050000, 0x040d0000)
 tenured generation   total 10944K, used 7935K [0x09150000, 0x09c00000, 0x13c00000)
   the space 10944K,  72% used [0x09150000, 0x0990fc50, 0x0990fe00, 0x09c00000)
 Metaspace       used 1282K, capacity 2735K, committed 2752K, reserved 4480K
Event: 20.534 GC heap after
Heap after GC invocations=10 (full 0):
 def new generation   total 4928K, used 154K [0x03c00000, 0x04150000, 0x09150000)
  eden space 4416K,   0% used [0x03c00000, 0x03c00000, 0x04050000)
  from space 512K,  30% used [0x04050000, 0x04076b60, 0x040d0000)
  to   space 512K,   0% used [0x040d0000, 0x040d0000, 0x04150000)
 tenured generation   total 10944K, used 7935K [0x09150000, 0x09c00000, 0x13c00000)
   the space 10944K,  72% used [0x09150000, 0x0990fc50, 0x0990fe00, 0x09c00000)
 Metaspace       used 1282K, capacity 2735K, committed 2752K, reserved 4480K
}
Event: 21.044 GC heap before
{Heap before GC invocations=10 (full 0):
 def new generation   total 4928K, used 4570K [0x03c00000, 0x04150000, 0x09150000)
  eden space 4416K, 100% used [0x03c00000, 0x04050000, 0x04050000)
  from space 512K,  30% used [0x04050000, 0x04076b60, 0x040d0000)
  to   space 512K,   0% used [0x040d0000, 0x040d0000, 0x04150000)
 tenured generation   total 10944K, used 7935K [0x09150000, 0x09c00000, 0x13c00000)
   the space 10944K,  72% used [0x09150000, 0x0990fc50, 0x0990fe00, 0x09c00000)
 Metaspace       used 1282K, capacity 2735K, committed 2752K, reserved 4480K
Event: 21.044 GC heap after
Heap after GC invocations=11 (full 0):
 def new generation   total 4928K, used 155K [0x03c00000, 0x04150000, 0x09150000)
  eden space 4416K,   0% used [0x03c00000, 0x03c00000, 0x04050000)
  from space 512K,  30% used [0x040d0000, 0x040f6c48, 0x04150000)
  to   space 512K,   0% used [0x04050000, 0x04050000, 0x040d0000)
 tenured generation   total 10944K, used 7935K [0x09150000, 0x09c00000, 0x13c00000)
   the space 10944K,  72% used [0x09150000, 0x0990fc50, 0x0990fe00, 0x09c00000)
 Metaspace       used 1282K, capacity 2735K, committed 2752K, reserved 4480K
}
Event: 21.471 GC heap before
{Heap before GC invocations=11 (full 0):
 def new generation   total 4928K, used 4571K [0x03c00000, 0x04150000, 0x09150000)
  eden space 4416K, 100% used [0x03c00000, 0x04050000, 0x04050000)
  from space 512K,  30% used [0x040d0000, 0x040f6c48, 0x04150000)
  to   space 512K,   0% used [0x04050000, 0x04050000, 0x040d0000)
 tenured generation   total 10944K, used 7935K [0x09150000, 0x09c00000, 0x13c00000)
   the space 10944K,  72% used [0x09150000, 0x0990fc50, 0x0990fe00, 0x09c00000)
 Metaspace       used 1287K, capacity 2735K, committed 2752K, reserved 4480K
Event: 21.471 GC heap after
Heap after GC invocations=12 (full 0):
 def new generation   total 4928K, used 205K [0x03c00000, 0x04150000, 0x09150000)
  eden space 4416K,   0% used [0x03c00000, 0x03c00000, 0x04050000)
  from space 512K,  40% used [0x04050000, 0x04083608, 0x040d0000)
  to   space 512K,   0% used [0x040d0000, 0x040d0000, 0x04150000)
 tenured generation   total 10944K, used 7935K [0x09150000, 0x09c00000, 0x13c00000)
   the space 10944K,  72% used [0x09150000, 0x0990fc50, 0x0990fe00, 0x09c00000)
 Metaspace       used 1287K, capacity 2735K, committed 2752K, reserved 4480K
}
Event: 21.894 GC heap before
{Heap before GC invocations=12 (full 0):
 def new generation   total 4928K, used 4621K [0x03c00000, 0x04150000, 0x09150000)
  eden space 4416K, 100% used [0x03c00000, 0x04050000, 0x04050000)
  from space 512K,  40% used [0x04050000, 0x04083608, 0x040d0000)
  to   space 512K,   0% used [0x040d0000, 0x040d0000, 0x04150000)
 tenured generation   total 10944K, used 7935K [0x09150000, 0x09c00000, 0x13c00000)
   the space 10944K,  72% used [0x09150000, 0x0990fc50, 0x0990fe00, 0x09c00000)
 Metaspace       used 1290K, capacity 2737K, committed 2752K, reserved 4480K
Event: 21.895 GC heap after
Heap after GC invocations=13 (full 0):
 def new generation   total 4928K, used 194K [0x03c00000, 0x04150000, 0x09150000)
  eden space 4416K,   0% used [0x03c00000, 0x03c00000, 0x04050000)
  from space 512K,  38% used [0x040d0000, 0x04100a60, 0x04150000)
  to   space 512K,   0% used [0x04050000, 0x04050000, 0x040d0000)
 tenured generation   total 10944K, used 7935K [0x09150000, 0x09c00000, 0x13c00000)
   the space 10944K,  72% used [0x09150000, 0x0990fc50, 0x0990fe00, 0x09c00000)
 Metaspace       used 1290K, capacity 2737K, committed 2752K, reserved 4480K
}

Deoptimization events (0 events):
No events

Internal exceptions (10 events):
Event: 0.397 Thread 0x001bc000 Exception <a 'java/io/FileNotFoundException'> (0x03e791d0) thrown at [D:\re\puppet\workspace\8-2-build-windows-i586-cygwin\jdk8u60\4407\hotspot\src\share\vm\prims\jni.cpp, line 709]
Event: 8.937 Thread 0x0128c800 Exception <a 'java/lang/NullPointerException'> (0x03f600f0) thrown at [D:\re\puppet\workspace\8-2-build-windows-i586-cygwin\jdk8u60\4407\hotspot\src\share\vm\prims\jvm.cpp, line 1390]
Event: 8.937 Thread 0x0128c800 Exception <a 'java/lang/NullPointerException'> (0x03f600f0) thrown at [D:\re\puppet\workspace\8-2-build-windows-i586-cygwin\jdk8u60\4407\hotspot\src\share\vm\prims\jvm.cpp, line 1390]
Event: 17.695 Thread 0x0128d400 Exception <a 'java/lang/InterruptedException': sleep interrupted> (0x03cd1048) thrown at [D:\re\puppet\workspace\8-2-build-windows-i586-cygwin\jdk8u60\4407\hotspot\src\share\vm\prims\jvm.cpp, line 3167]
Event: 17.696 Thread 0x0128d400 Exception <a 'java/lang/InterruptedException': sleep interrupted> (0x03cdad00) thrown at [D:\re\puppet\workspace\8-2-build-windows-i586-cygwin\jdk8u60\4407\hotspot\src\share\vm\prims\jvm.cpp, line 3167]
Event: 17.698 Thread 0x0128d400 Exception <a 'java/lang/InterruptedException': sleep interrupted> (0x03ce4990) thrown at [D:\re\puppet\workspace\8-2-build-windows-i586-cygwin\jdk8u60\4407\hotspot\src\share\vm\prims\jvm.cpp, line 3167]
Event: 17.699 Thread 0x0128d400 Exception <a 'java/lang/InterruptedException': sleep interrupted> (0x03cee620) thrown at [D:\re\puppet\workspace\8-2-build-windows-i586-cygwin\jdk8u60\4407\hotspot\src\share\vm\prims\jvm.cpp, line 3167]
Event: 21.336 Thread 0x0128dc00 Exception <a 'java/lang/InterruptedException': sleep interrupted> (0x03eed728) thrown at [D:\re\puppet\workspace\8-2-build-windows-i586-cygwin\jdk8u60\4407\hotspot\src\share\vm\prims\jvm.cpp, line 3167]
Event: 21.669 Thread 0x0128dc00 Exception <a 'java/lang/InterruptedException': sleep interrupted> (0x03e19150) thrown at [D:\re\puppet\workspace\8-2-build-windows-i586-cygwin\jdk8u60\4407\hotspot\src\share\vm\prims\jvm.cpp, line 3167]
Event: 22.110 Thread 0x0128d400 Exception <a 'java/lang/InterruptedException': sleep interrupted> (0x03e67030) thrown at [D:\re\puppet\workspace\8-2-build-windows-i586-cygwin\jdk8u60\4407\hotspot\src\share\vm\prims\jvm.cpp, line 3167]

Events (10 events):
Event: 22.101 Executing VM operation: RevokeBias
Event: 22.101 Executing VM operation: RevokeBias done
Event: 22.101 Executing VM operation: RevokeBias
Event: 22.101 Executing VM operation: RevokeBias done
Event: 22.115 Executing VM operation: RevokeBias
Event: 22.115 Executing VM operation: RevokeBias done
Event: 22.116 Executing VM operation: RevokeBias
Event: 22.116 Executing VM operation: RevokeBias done
Event: 22.116 Executing VM operation: RevokeBias
Event: 22.116 Executing VM operation: RevokeBias done


Dynamic libraries:
0x00240000 - 0x00273000 	C:\Program Files\Java\jre1.8.0_60\bin\javaw.exe
0x77150000 - 0x7728c000 	C:\WINDOWS\SYSTEM32\ntdll.dll
0x75a20000 - 0x75af4000 	C:\WINDOWS\system32\kernel32.dll
0x75220000 - 0x7526b000 	C:\WINDOWS\system32\KERNELBASE.dll
0x75750000 - 0x757f0000 	C:\WINDOWS\system32\ADVAPI32.dll
0x772d0000 - 0x7737c000 	C:\WINDOWS\system32\msvcrt.dll
0x75d50000 - 0x75d69000 	C:\WINDOWS\SYSTEM32\sechost.dll
0x762b0000 - 0x76351000 	C:\WINDOWS\system32\RPCRT4.dll
0x75c30000 - 0x75cf9000 	C:\WINDOWS\system32\USER32.dll
0x75d00000 - 0x75d4e000 	C:\WINDOWS\system32\GDI32.dll
0x76210000 - 0x7621a000 	C:\WINDOWS\system32\LPK.dll
0x754f0000 - 0x7558d000 	C:\WINDOWS\system32\USP10.dll
0x73fe0000 - 0x7417e000 	C:\WINDOWS\WinSxS\x86_microsoft.windows.common-controls_6595b64144ccf1df_6.0.7601.17514_none_41e6975e2bd6f2b2\COMCTL32.dll
0x75fe0000 - 0x76037000 	C:\WINDOWS\system32\SHLWAPI.dll
0x772b0000 - 0x772cf000 	C:\WINDOWS\system32\IMM32.DLL
0x757f0000 - 0x758bc000 	C:\WINDOWS\system32\MSCTF.dll
0x601a0000 - 0x6025f000 	C:\Program Files\Java\jre1.8.0_60\bin\msvcr100.dll
0x60260000 - 0x60625000 	C:\Program Files\Java\jre1.8.0_60\bin\client\jvm.dll
0x716f0000 - 0x716f7000 	C:\WINDOWS\system32\WSOCK32.dll
0x76040000 - 0x76075000 	C:\WINDOWS\system32\WS2_32.dll
0x75d70000 - 0x75d76000 	C:\WINDOWS\system32\NSI.dll
0x729a0000 - 0x729d2000 	C:\WINDOWS\system32\WINMM.dll
0x74510000 - 0x74519000 	C:\WINDOWS\system32\VERSION.dll
0x77290000 - 0x77295000 	C:\WINDOWS\system32\PSAPI.DLL
0x6ea40000 - 0x6ea4c000 	C:\Program Files\Java\jre1.8.0_60\bin\verify.dll
0x662b0000 - 0x662d1000 	C:\Program Files\Java\jre1.8.0_60\bin\java.dll
0x6e180000 - 0x6e193000 	C:\Program Files\Java\jre1.8.0_60\bin\zip.dll
0x76360000 - 0x76faa000 	C:\WINDOWS\system32\SHELL32.dll
0x758c0000 - 0x75a1c000 	C:\WINDOWS\system32\ole32.dll
0x751e0000 - 0x751eb000 	C:\WINDOWS\system32\profapi.dll
0x775c0000 - 0x77705000 	C:\Program Files\Java\jre1.8.0_60\bin\awt.dll
0x76220000 - 0x762af000 	C:\WINDOWS\system32\OLEAUT32.dll
0x73fa0000 - 0x73fe0000 	C:\WINDOWS\system32\uxtheme.dll
0x73b70000 - 0x73b83000 	C:\WINDOWS\system32\dwmapi.dll
0x750c0000 - 0x750cc000 	C:\WINDOWS\system32\CRYPTBASE.dll
0x6ea30000 - 0x6ea3e000 	C:\Windows\System32\xboxcontroller.dll
0x6ca10000 - 0x6ca19000 	C:\WINDOWS\system32\XINPUT9_1_0.dll
0x76fb0000 - 0x7714d000 	C:\WINDOWS\system32\SETUPAPI.dll
0x751f0000 - 0x75217000 	C:\WINDOWS\system32\CFGMGR32.dll
0x753c0000 - 0x753d2000 	C:\WINDOWS\system32\DEVOBJ.dll
0x70ca0000 - 0x70d09000 	C:\WINDOWS\system32\MSVCP100.dll
0x75490000 - 0x754bd000 	C:\WINDOWS\system32\WINTRUST.dll
0x75280000 - 0x7539d000 	C:\WINDOWS\system32\CRYPT32.dll
0x751d0000 - 0x751dc000 	C:\WINDOWS\system32\MSASN1.dll
0x686e0000 - 0x68719000 	C:\Program Files\Java\jre1.8.0_60\bin\fontmanager.dll
0x662f0000 - 0x66305000 	C:\Program Files\Java\jre1.8.0_60\bin\net.dll
0x74bb0000 - 0x74bec000 	C:\WINDOWS\system32\mswsock.dll
0x74ba0000 - 0x74ba6000 	C:\WINDOWS\System32\wship6.dll
0x71550000 - 0x7155f000 	C:\Program Files\Java\jre1.8.0_60\bin\nio.dll
0x60dd0000 - 0x60e00000 	C:\Program Files\Java\jre1.8.0_60\bin\t2k.dll
0x6f780000 - 0x6f86b000 	C:\WINDOWS\system32\dbghelp.dll

VM Arguments:
jvm_args: -Dfile.encoding=Cp1252 
java_command: new_Game.Play
java_class_path (initial): H:\Matt Workspace\Final-Game\bin;\\uhscsfps1\HOMEDIR$\STAFF\matthew.hawk\My Documents\Matt Workspace\Final-Game\XboxControllerBase\lib\jaw.jar;\\uhscsfps1\HOMEDIR$\STAFF\matthew.hawk\My Documents\Matt Workspace\Final-Game\XboxControllerBase\lib\XboxController.jar
Launcher Type: SUN_STANDARD

Environment Variables:
CLASSPATH=.;C:\Program Files\Java\jre6\lib\ext\QTJava.zip
PATH=C:/Program Files/Java/jre1.8.0_60/bin/client;C:/Program Files/Java/jre1.8.0_60/bin;C:/Program Files/Java/jre1.8.0_60/lib/i386;\\cs.fcps.org\sysvol\cs.fcps.org\Policies\{36D4B1D3-2ED3-46AE-9B31-646D543CA0F4}\User\Scripts\Logon;C:\ProgramData\Oracle\Java\javapath;C:\Program Files\Common Files\Microsoft Shared\Windows Live;C:\WINDOWS\system32;C:\WINDOWS;C:\WINDOWS\System32\Wbem;C:\WINDOWS\System32\WindowsPowerShell\v1.0\;C:\Program Files\Windows Live\Shared;C:\Program Files\QuickTime\QTSystem\;C:\Program Files\Symantec\Workspace Virtualization\;C:\Program Files\Microsoft SQL Server\110\Tools\Binn\;C:\Program Files\Common Files\Netop\;C:\Program Files\Netop\Vision\XL\;C:\Program Files\MySQL\MySQL Server 5.1\bin;C:\Program Files\PuTTY\;i:\eclipse-java-mars-R-win32;
USERNAME=matthew.hawk
OS=Windows_NT
PROCESSOR_IDENTIFIER=x86 Family 6 Model 60 Stepping 3, GenuineIntel



---------------  S Y S T E M  ---------------

OS: Windows 7 Build 7601 (6.1.7601.17932)

CPU:total 4 (4 cores per cpu, 1 threads per core) family 6 model 60 stepping 3, cmov, cx8, fxsr, mmx, sse, sse2, sse3, ssse3, sse4.1, sse4.2, popcnt, avx, avx2, aes, clmul, erms, rtm, lzcnt, tsc, tscinvbit, bmi1, bmi2

Memory: 4k page, physical 3588876k(970688k free), swap 7175996k(4384280k free)

vm_info: Java HotSpot(TM) Client VM (25.60-b23) for windows-x86 JRE (1.8.0_60-b27), built on Aug  4 2015 10:57:40 by "java_re" with MS VC++ 10.0 (VS2010)

time: Thu May 19 14:03:53 2016
elapsed time: 22 seconds (0d 0h 0m 22s)

